<?xml version="1.0" encoding="UTF-8"?>
<!-- Generated by org.testng.reporters.JUnitReportReporter -->
<testsuite skipped="0" hostname="ip-172-31-83-226" name="demoWithTestNG.ExplicitWaitDemo" tests="1" failures="0" timestamp="2021-10-26T09:34:29 UTC" time="5.837" errors="0">
  <testcase name="titleVerification" time="5.837" classname="demoWithTestNG.ExplicitWaitDemo"/>
  <system-out/>
</testsuite> <!-- demoWithTestNG.ExplicitWaitDemo -->
