<?xml version="1.0" encoding="UTF-8"?>
<!-- Generated by org.testng.reporters.JUnitReportReporter -->
<testsuite skipped="0" hostname="ip-172-31-83-226" name="demoWithTestNG.FireFoxDemo" tests="1" failures="0" timestamp="2021-10-28T12:12:50 UTC" time="4.023" errors="0">
  <testcase name="openbrowser" time="4.023" classname="demoWithTestNG.FireFoxDemo"/>
  <system-out/>
</testsuite> <!-- demoWithTestNG.FireFoxDemo -->
