<?xml version="1.0" encoding="UTF-8"?>
<!-- Generated by org.testng.reporters.JUnitReportReporter -->
<testsuite skipped="0" hostname="ip-172-31-83-226" name="demoWithTestNG.GridDemo" tests="1" failures="0" timestamp="2021-10-28T09:43:59 UTC" time="0.199" errors="0">
  <testcase name="titleVerification" time="0.199" classname="demoWithTestNG.GridDemo"/>
  <system-out/>
</testsuite> <!-- demoWithTestNG.GridDemo -->
