<?xml version="1.0" encoding="UTF-8"?>
<!-- Generated by org.testng.reporters.JUnitReportReporter -->
<testsuite skipped="0" hostname="ip-172-31-83-226" name="demoWithTestNG.MutipleValidation" tests="3" failures="0" timestamp="2021-10-26T09:34:29 UTC" time="0.049" errors="0">
  <testcase name="titleVerification" time="0.008" classname="demoWithTestNG.MutipleValidation"/>
  <system-out/>
  <testcase name="verifyText" time="0.024" classname="demoWithTestNG.MutipleValidation"/>
  <system-out/>
  <testcase name="verifySignInBtnIsEnabled" time="0.017" classname="demoWithTestNG.MutipleValidation"/>
  <system-out/>
</testsuite> <!-- demoWithTestNG.MutipleValidation -->
