<?xml version="1.0" encoding="UTF-8"?>
<!-- Generated by org.testng.reporters.JUnitReportReporter -->
<testsuite skipped="0" hostname="ip-172-31-83-226" name="demoWithTestNG.VerifyTitle" tests="1" failures="0" timestamp="2021-10-26T09:34:29 UTC" time="0.010" errors="0">
  <testcase name="titleVerification" time="0.010" classname="demoWithTestNG.VerifyTitle"/>
  <system-out/>
</testsuite> <!-- demoWithTestNG.VerifyTitle -->
