<?xml version="1.0" encoding="UTF-8"?>
<!-- Generated by org.testng.reporters.JUnitReportReporter -->
<testsuite skipped="0" hostname="ip-172-31-83-226" name="demoWithTestNG.CrossBrowserTest" tests="6" failures="0" timestamp="2021-10-28T12:14:47 UTC" time="0.434" errors="0">
  <testcase name="titleVerification" time="0.179" classname="demoWithTestNG.CrossBrowserTest"/>
  <system-out/>
  <testcase name="titleVerification" time="0.008" classname="demoWithTestNG.CrossBrowserTest"/>
  <system-out/>
  <testcase name="verifyText" time="0.039" classname="demoWithTestNG.CrossBrowserTest"/>
  <system-out/>
  <testcase name="verifyText" time="0.112" classname="demoWithTestNG.CrossBrowserTest"/>
  <system-out/>
  <testcase name="verifySignInBtnIsEnabled" time="0.074" classname="demoWithTestNG.CrossBrowserTest"/>
  <system-out/>
  <testcase name="verifySignInBtnIsEnabled" time="0.022" classname="demoWithTestNG.CrossBrowserTest"/>
  <system-out/>
</testsuite> <!-- demoWithTestNG.CrossBrowserTest -->
